<?xml version="1.0" encoding="UTF-8"?>
<!-- Generated by org.testng.reporters.JUnitXMLReporter -->
<testsuite ignored="3" hostname="BSC-PG02B565" failures="0" tests="5" name="Default test" time="73.489" errors="0" timestamp="2021-10-11T12:51:05 IST">
  <testcase classname="com.allegis.tests.TestCase1" name="login" time="7.291"/>
  <testcase classname="com.allegis.tests.TestCase1" name="addtocart" time="15.667"/>
  <testcase classname="com.allegis.tests.TestCase1" name="wishlist" time="9.135"/>
  <testcase classname="com.allegis.tests.TestCase1" name="productcomparision" time="12.115"/>
  <testcase classname="com.allegis.tests.TestCase1" name="confirmorder" time="11.575"/>
  <testcase classname="com.allegis.tests.TestCase1" name="address" time="0.0">
    <ignored/>
  </testcase> <!-- address -->
  <testcase classname="com.allegis.tests.TestCase1" name="registration" time="0.0">
    <ignored/>
  </testcase> <!-- registration -->
  <testcase classname="com.allegis.tests.TestCase1" name="availability" time="0.0">
    <ignored/>
  </testcase> <!-- availability -->
</testsuite> <!-- Default test -->
