<?xml version="1.0" encoding="UTF-8"?>
<!-- Generated by org.testng.reporters.JUnitXMLReporter -->
<testsuite ignored="7" hostname="BSC-PG02B565" failures="0" tests="1" name="Default test" time="15.342" errors="0" timestamp="2021-10-21T16:12:50 IST">
  <testcase classname="com.allegis.tests.TestCase1" name="login" time="9.968"/>
  <testcase classname="com.allegis.tests.TestCase1" name="address" time="0.0">
    <ignored/>
  </testcase> <!-- address -->
  <testcase classname="com.allegis.tests.TestCase1" name="addtocart" time="0.0">
    <ignored/>
  </testcase> <!-- addtocart -->
  <testcase classname="com.allegis.tests.TestCase1" name="confirmorder" time="0.0">
    <ignored/>
  </testcase> <!-- confirmorder -->
  <testcase classname="com.allegis.tests.TestCase1" name="productcomparision" time="0.0">
    <ignored/>
  </testcase> <!-- productcomparision -->
  <testcase classname="com.allegis.tests.TestCase1" name="registration" time="0.0">
    <ignored/>
  </testcase> <!-- registration -->
  <testcase classname="com.allegis.tests.TestCase1" name="availability" time="0.0">
    <ignored/>
  </testcase> <!-- availability -->
  <testcase classname="com.allegis.tests.TestCase1" name="wishlist" time="0.0">
    <ignored/>
  </testcase> <!-- wishlist -->
</testsuite> <!-- Default test -->
