<?xml version="1.0" encoding="UTF-8"?>
<testng-results ignored="7" total="8" passed="1" failed="0" skipped="0">
  <reporter-output>
    <line>
      <![CDATA[email added successfully]]>
    </line>
    <line>
      <![CDATA[password added successfully]]>
    </line>
    <line>
      <![CDATA[Logged into the account successfully]]>
    </line>
  </reporter-output>
  <suite started-at="2021-10-21T16:12:34 IST" name="Default suite" finished-at="2021-10-21T16:12:50 IST" duration-ms="15342">
    <groups>
    </groups>
    <test started-at="2021-10-21T16:12:34 IST" name="Default test" finished-at="2021-10-21T16:12:50 IST" duration-ms="15342">
      <class name="com.allegis.tests.TestCase1">
        <test-method is-config="true" signature="setup()[pri:0, instance:com.allegis.tests.TestCase1@402bba4f]" started-at="2021-10-21T16:12:34 IST" name="setup" finished-at="2021-10-21T16:12:40 IST" duration-ms="5245" status="PASS">
          <reporter-output>
          </reporter-output>
        </test-method> <!-- setup -->
        <test-method signature="login()[pri:3, instance:com.allegis.tests.TestCase1@402bba4f]" started-at="2021-10-21T16:12:40 IST" name="login" description="Logging into the account" finished-at="2021-10-21T16:12:49 IST" duration-ms="9968" status="PASS">
          <reporter-output>
            <line>
              <![CDATA[email added successfully]]>
            </line>
            <line>
              <![CDATA[password added successfully]]>
            </line>
            <line>
              <![CDATA[Logged into the account successfully]]>
            </line>
          </reporter-output>
        </test-method> <!-- login -->
        <test-method is-config="true" signature="close()[pri:0, instance:com.allegis.tests.TestCase1@402bba4f]" started-at="2021-10-21T16:12:50 IST" name="close" finished-at="2021-10-21T16:12:50 IST" duration-ms="74" status="PASS">
          <reporter-output>
          </reporter-output>
        </test-method> <!-- close -->
      </class> <!-- com.allegis.tests.TestCase1 -->
    </test> <!-- Default test -->
  </suite> <!-- Default suite -->
</testng-results>
