<?xml version="1.0" encoding="UTF-8"?>
<testng-results skipped="0" failed="1" total="1" passed="0">
  <reporter-output>
  </reporter-output>
  <suite name="Default suite" duration-ms="27295" started-at="2021-05-12T05:21:06Z" finished-at="2021-05-12T05:21:33Z">
    <groups>
    </groups>
    <test name="Default test" duration-ms="27295" started-at="2021-05-12T05:21:06Z" finished-at="2021-05-12T05:21:33Z">
      <class name="com.allegis.tests.TestCase">
        <test-method status="PASS" signature="setup()[pri:0, instance:com.allegis.tests.TestCase@3d99d22e]" name="setup" is-config="true" duration-ms="13337" started-at="2021-05-12T10:51:06Z" finished-at="2021-05-12T10:51:19Z">
          <reporter-output>
          </reporter-output>
        </test-method> <!-- setup -->
        <test-method status="FAIL" signature="LoginAccount()[pri:1, instance:com.allegis.tests.TestCase@3d99d22e]" name="LoginAccount" duration-ms="13306" started-at="2021-05-12T10:51:19Z" description="login Account with user credentials" finished-at="2021-05-12T10:51:32Z">
          <exception class="java.lang.Error">
            <message>
              <![CDATA[Unresolved compilation problem: 
	The type List is not generic; it cannot be parameterized with arguments <Map<String,String>>
]]>
            </message>
            <full-stacktrace>
              <![CDATA[java.lang.Error: Unresolved compilation problem: 
	The type List is not generic; it cannot be parameterized with arguments <Map<String,String>>

	at com.allegis.pages.LoginAccount.username(LoginAccount.java:37)
	at com.allegis.tests.TestCase.LoginAccount(TestCase.java:58)
	at sun.reflect.NativeMethodAccessorImpl.invoke0(Native Method)
	at sun.reflect.NativeMethodAccessorImpl.invoke(Unknown Source)
	at sun.reflect.DelegatingMethodAccessorImpl.invoke(Unknown Source)
	at java.lang.reflect.Method.invoke(Unknown Source)
	at org.testng.internal.MethodInvocationHelper.invokeMethod(MethodInvocationHelper.java:86)
	at org.testng.internal.Invoker.invokeMethod(Invoker.java:646)
	at org.testng.internal.Invoker.invokeTestMethod(Invoker.java:823)
	at org.testng.internal.Invoker.invokeTestMethods(Invoker.java:1131)
	at org.testng.internal.TestMethodWorker.invokeTestMethods(TestMethodWorker.java:129)
	at org.testng.internal.TestMethodWorker.run(TestMethodWorker.java:112)
	at org.testng.TestRunner.privateRun(TestRunner.java:778)
	at org.testng.TestRunner.run(TestRunner.java:632)
	at org.testng.SuiteRunner.runTest(SuiteRunner.java:366)
	at org.testng.SuiteRunner.runSequentially(SuiteRunner.java:361)
	at org.testng.SuiteRunner.privateRun(SuiteRunner.java:319)
	at org.testng.SuiteRunner.run(SuiteRunner.java:268)
	at org.testng.SuiteRunnerWorker.runSuite(SuiteRunnerWorker.java:52)
	at org.testng.SuiteRunnerWorker.run(SuiteRunnerWorker.java:86)
	at org.testng.TestNG.runSuitesSequentially(TestNG.java:1225)
	at org.testng.TestNG.runSuitesLocally(TestNG.java:1150)
	at org.testng.TestNG.runSuites(TestNG.java:1075)
	at org.testng.TestNG.run(TestNG.java:1047)
	at org.testng.remote.AbstractRemoteTestNG.run(AbstractRemoteTestNG.java:126)
	at org.testng.remote.RemoteTestNG.initAndRun(RemoteTestNG.java:137)
	at org.testng.remote.RemoteTestNG.main(RemoteTestNG.java:58)
]]>
            </full-stacktrace>
          </exception> <!-- java.lang.Error -->
          <reporter-output>
          </reporter-output>
        </test-method> <!-- LoginAccount -->
        <test-method status="PASS" signature="close()[pri:0, instance:com.allegis.tests.TestCase@3d99d22e]" name="close" is-config="true" duration-ms="630" started-at="2021-05-12T10:51:32Z" finished-at="2021-05-12T10:51:33Z">
          <reporter-output>
          </reporter-output>
        </test-method> <!-- close -->
      </class> <!-- com.allegis.tests.TestCase -->
    </test> <!-- Default test -->
  </suite> <!-- Default suite -->
</testng-results>
